...found 1 target...
...patience...
...found 301 targets...
...updating 6 targets...
gcc.compile.c++ bin.v2/libs/thread/build/gcc-11/release/address-model-32/link-static/threading-multi/visibility-hidden/has_atomic_flag_lockfree_test.o
In file included from ./boost/config/compiler/gcc.hpp:165,
                 from ./boost/config.hpp:39,
                 from ./boost/memory_order.hpp:15,
                 from libs/thread/src/../build/../../../boost/atomic.hpp:13,
                 from libs/thread/src/../build/has_atomic_flag_lockfree_test.cpp:6:
/usr/include/c++/11/cstddef:49:10: fatal error: bits/c++config.h: No such file or directory
   49 | #include <bits/c++config.h>
      |          ^~~~~~~~~~~~~~~~~~
compilation terminated.

    "g++"   -fvisibility-inlines-hidden -m32 -pthread -O3 -finline-functions -Wno-inline -Wall -fvisibility=hidden -march=i686 -fPIC -std=c++11 -DBOOST_ALL_NO_LIB=1 -DNDEBUG  -I"."  -c -o "bin.v2/libs/thread/build/gcc-11/release/address-model-32/link-static/threading-multi/visibility-hidden/has_atomic_flag_lockfree_test.o" "libs/thread/src/../build/has_atomic_flag_lockfree_test.cpp"

...failed gcc.compile.c++ bin.v2/libs/thread/build/gcc-11/release/address-model-32/link-static/threading-multi/visibility-hidden/has_atomic_flag_lockfree_test.o...
...skipped <pbin.v2/libs/thread/build/gcc-11/release/address-model-32/link-static/threading-multi/visibility-hidden>has_atomic_flag_lockfree for lack of <pbin.v2/libs/thread/build/gcc-11/release/address-model-32/link-static/threading-multi/visibility-hidden>has_atomic_flag_lockfree_test.o...
...failed updating 1 target...
...skipped 1 target...
...updated 4 targets...
...found 11 targets...
...updating 9 targets...
gcc.compile.c++ bin.v2/libs/atomic/config/gcc-11/release/address-model-32/link-static/threading-multi/visibility-hidden/has_sse2.o
In file included from /usr/include/c++/11/stdlib.h:36,
                 from /usr/lib/gcc/x86_64-linux-gnu/11/include/mm_malloc.h:27,
                 from /usr/lib/gcc/x86_64-linux-gnu/11/include/xmmintrin.h:34,
                 from /usr/lib/gcc/x86_64-linux-gnu/11/include/emmintrin.h:31,
                 from libs/atomic/config/has_sse2.cpp:8:
/usr/include/c++/11/cstdlib:41:10: fatal error: bits/c++config.h: No such file or directory
   41 | #include <bits/c++config.h>
      |          ^~~~~~~~~~~~~~~~~~
compilation terminated.

    "g++"   -fvisibility-inlines-hidden -m32 -pthread -O3 -finline-functions -Wno-inline -Wall -fvisibility=hidden -march=i686 -fPIC -msse -msse2 -std=c++11 -DBOOST_ALL_NO_LIB=1 -DNDEBUG  -I"."  -c -o "bin.v2/libs/atomic/config/gcc-11/release/address-model-32/link-static/threading-multi/visibility-hidden/has_sse2.o" "libs/atomic/config/has_sse2.cpp"

...failed gcc.compile.c++ bin.v2/libs/atomic/config/gcc-11/release/address-model-32/link-static/threading-multi/visibility-hidden/has_sse2.o...
...failed updating 1 target...
...updated 8 targets...
...found 3 targets...
...updating 1 target...
gcc.compile.c++ bin.v2/libs/atomic/config/gcc-11/release/address-model-32/link-static/threading-multi/visibility-hidden/has_sse41.o
In file included from /usr/include/c++/11/stdlib.h:36,
                 from /usr/lib/gcc/x86_64-linux-gnu/11/include/mm_malloc.h:27,
                 from /usr/lib/gcc/x86_64-linux-gnu/11/include/xmmintrin.h:34,
                 from /usr/lib/gcc/x86_64-linux-gnu/11/include/emmintrin.h:31,
                 from /usr/lib/gcc/x86_64-linux-gnu/11/include/pmmintrin.h:31,
                 from /usr/lib/gcc/x86_64-linux-gnu/11/include/tmmintrin.h:31,
                 from /usr/lib/gcc/x86_64-linux-gnu/11/include/smmintrin.h:32,
                 from libs/atomic/config/has_sse41.cpp:8:
/usr/include/c++/11/cstdlib:41:10: fatal error: bits/c++config.h: No such file or directory
   41 | #include <bits/c++config.h>
      |          ^~~~~~~~~~~~~~~~~~
compilation terminated.

    "g++"   -fvisibility-inlines-hidden -m32 -pthread -O3 -finline-functions -Wno-inline -Wall -fvisibility=hidden -march=i686 -fPIC -msse -msse2 -msse3 -mssse3 -msse4.1 -std=c++11 -DBOOST_ALL_NO_LIB=1 -DNDEBUG  -I"."  -c -o "bin.v2/libs/atomic/config/gcc-11/release/address-model-32/link-static/threading-multi/visibility-hidden/has_sse41.o" "libs/atomic/config/has_sse41.cpp"

...failed gcc.compile.c++ bin.v2/libs/atomic/config/gcc-11/release/address-model-32/link-static/threading-multi/visibility-hidden/has_sse41.o...
...failed updating 1 target...
...found 1 target...
...updating 1 target...
config-cache.write bin.v2/project-cache.jam
...updated 1 target...
